[21:59:57] [WARNING] mysql_connect_file: no password specified (main.pwn:1130 -> D:\b-hood2\compiler\include\Pawn.CMD.inc:127 -> D:\b-hood2\compiler\include\YSI_Data\y_foreach\..\..\YSI_Coding\y_va\..\..\YSI_Core\y_core\..\..\indirection\indirection.inc:966 -> D:\b-hood2\compiler\include\YSI_Data\y_foreach\..\..\YSI_Coding\y_hooks\..\y_cgen\y_cgen.inc:130)
[23:29:56] [WARNING] mysql_connect_file: no password specified (main.pwn:1130 -> D:\b-hood2\compiler\include\Pawn.CMD.inc:127 -> D:\b-hood2\compiler\include\YSI_Data\y_foreach\..\..\YSI_Coding\y_va\..\..\YSI_Core\y_core\..\..\indirection\indirection.inc:966 -> D:\b-hood2\compiler\include\YSI_Data\y_foreach\..\..\YSI_Coding\y_hooks\..\y_cgen\y_cgen.inc:130)
[23:33:06] [WARNING] mysql_connect_file: no password specified (main.pwn:1130 -> D:\b-hood2\compiler\include\Pawn.CMD.inc:127 -> D:\b-hood2\compiler\include\YSI_Data\y_foreach\..\..\YSI_Coding\y_va\..\..\YSI_Core\y_core\..\..\indirection\indirection.inc:966 -> D:\b-hood2\compiler\include\YSI_Data\y_foreach\..\..\YSI_Coding\y_hooks\..\y_cgen\y_cgen.inc:130)
[23:36:24] [WARNING] mysql_connect_file: no password specified (main.pwn:1130 -> D:\b-hood2\compiler\include\Pawn.CMD.inc:127 -> D:\b-hood2\compiler\include\YSI_Data\y_foreach\..\..\YSI_Coding\y_va\..\..\YSI_Core\y_core\..\..\indirection\indirection.inc:966 -> D:\b-hood2\compiler\include\YSI_Data\y_foreach\..\..\YSI_Coding\y_hooks\..\y_cgen\y_cgen.inc:130)
[23:44:42] [WARNING] mysql_connect_file: no password specified (main.pwn:1130 -> D:\b-hood2\compiler\include\Pawn.CMD.inc:127 -> D:\b-hood2\compiler\include\YSI_Data\y_foreach\..\..\YSI_Coding\y_va\..\..\YSI_Core\y_core\..\..\indirection\indirection.inc:966 -> D:\b-hood2\compiler\include\YSI_Data\y_foreach\..\..\YSI_Coding\y_hooks\..\y_cgen\y_cgen.inc:130)
[23:46:56] [WARNING] mysql_connect_file: no password specified (main.pwn:1130 -> D:\b-hood2\compiler\include\Pawn.CMD.inc:127 -> D:\b-hood2\compiler\include\YSI_Data\y_foreach\..\..\YSI_Coding\y_va\..\..\YSI_Core\y_core\..\..\indirection\indirection.inc:966 -> D:\b-hood2\compiler\include\YSI_Data\y_foreach\..\..\YSI_Coding\y_hooks\..\y_cgen\y_cgen.inc:130)
[23:47:49] [WARNING] mysql_connect_file: no password specified (main.pwn:1130 -> D:\b-hood2\compiler\include\Pawn.CMD.inc:127 -> D:\b-hood2\compiler\include\YSI_Data\y_foreach\..\..\YSI_Coding\y_va\..\..\YSI_Core\y_core\..\..\indirection\indirection.inc:966 -> D:\b-hood2\compiler\include\YSI_Data\y_foreach\..\..\YSI_Coding\y_hooks\..\y_cgen\y_cgen.inc:130)
[23:52:49] [WARNING] mysql_connect_file: no password specified (main.pwn:1130 -> D:\b-hood2\compiler\include\Pawn.CMD.inc:127 -> D:\b-hood2\compiler\include\YSI_Data\y_foreach\..\..\YSI_Coding\y_va\..\..\YSI_Core\y_core\..\..\indirection\indirection.inc:966 -> D:\b-hood2\compiler\include\YSI_Data\y_foreach\..\..\YSI_Coding\y_hooks\..\y_cgen\y_cgen.inc:130)
[23:56:53] [WARNING] mysql_connect_file: no password specified (main.pwn:1130 -> D:\b-hood2\compiler\include\Pawn.CMD.inc:127 -> D:\b-hood2\compiler\include\YSI_Data\y_foreach\..\..\YSI_Coding\y_va\..\..\YSI_Core\y_core\..\..\indirection\indirection.inc:966 -> D:\b-hood2\compiler\include\YSI_Data\y_foreach\..\..\YSI_Coding\y_hooks\..\y_cgen\y_cgen.inc:130)
[00:00:14] [WARNING] mysql_connect_file: no password specified (main.pwn:1130 -> D:\b-hood2\compiler\include\Pawn.CMD.inc:127 -> D:\b-hood2\compiler\include\YSI_Data\y_foreach\..\..\YSI_Coding\y_va\..\..\YSI_Core\y_core\..\..\indirection\indirection.inc:966 -> D:\b-hood2\compiler\include\YSI_Data\y_foreach\..\..\YSI_Coding\y_hooks\..\y_cgen\y_cgen.inc:130)
[00:13:37] [WARNING] mysql_connect_file: no password specified (C:\Users\Mrx PC\Desktop\open-mp\main-script\server-package\main.pwn:1133 -> C:\Users\Mrx PC\Desktop\open-mp\main-script\compiler\include\Pawn.CMD.inc:127 -> C:\Users\Mrx PC\Desktop\open-mp\main-script\compiler\include\YSI_Data\y_foreach\..\..\YSI_Coding\y_va\..\..\YSI_Core\y_core\..\..\indirection\indirection.inc:966 -> C:\Users\Mrx PC\Desktop\open-mp\main-script\compiler\include\YSI_Data\y_foreach\..\..\YSI_Coding\y_hooks\..\y_cgen\y_cgen.inc:130)
[8/28/2023 1:39:05 AM] [WARNING] mysql_connect_file: no password specified
[8/28/2023 1:39:07 AM] [ERROR] CConnection::CConnection - establishing connection to MySQL database failed: #2002 'Can't connect to MySQL server on '127.0.0.1' (10061)'
[8/28/2023 1:39:09 AM] [ERROR] CConnection::CConnection - establishing connection to MySQL database failed: #2002 'Can't connect to MySQL server on '127.0.0.1' (10061)'
[8/28/2023 1:39:11 AM] [ERROR] CConnection::CConnection - establishing connection to MySQL database failed: #2002 'Can't connect to MySQL server on '127.0.0.1' (10061)'
[8/28/2023 1:39:13 AM] [ERROR] CConnection::CConnection - establishing connection to MySQL database failed: #2002 'Can't connect to MySQL server on '127.0.0.1' (10061)'
[8/28/2023 1:40:00 AM] [WARNING] mysql_connect_file: no password specified
[8/28/2023 1:41:33 AM] [WARNING] mysql_connect_file: no password specified
[8/28/2023 1:54:11 AM] [WARNING] mysql_connect_file: no password specified
[8/28/2023 2:03:18 AM] [WARNING] mysql_connect_file: no password specified
[8/28/2023 2:05:07 AM] [WARNING] mysql_connect_file: no password specified
[8/28/2023 2:05:25 AM] [WARNING] mysql_connect_file: no password specified
[8/28/2023 2:05:56 AM] [WARNING] mysql_connect_file: no password specified
[8/29/2023 10:56:11 PM] [WARNING] mysql_connect_file: no password specified
[8/29/2023 10:56:13 PM] [ERROR] CConnection::CConnection - establishing connection to MySQL database failed: #2002 'Can't connect to MySQL server on '127.0.0.1' (10061)'
[8/29/2023 10:56:15 PM] [ERROR] CConnection::CConnection - establishing connection to MySQL database failed: #2002 'Can't connect to MySQL server on '127.0.0.1' (10061)'
[8/29/2023 10:56:17 PM] [ERROR] CConnection::CConnection - establishing connection to MySQL database failed: #2002 'Can't connect to MySQL server on '127.0.0.1' (10061)'
[8/29/2023 10:56:19 PM] [ERROR] CConnection::CConnection - establishing connection to MySQL database failed: #2002 'Can't connect to MySQL server on '127.0.0.1' (10061)'
[8/29/2023 10:57:01 PM] [WARNING] mysql_connect_file: no password specified
[8/29/2023 11:02:04 PM] [WARNING] mysql_connect_file: no password specified
[8/30/2023 12:08:33 AM] [WARNING] mysql_connect_file: no password specified
[8/30/2023 12:15:34 AM] [WARNING] mysql_connect_file: no password specified
[8/30/2023 12:21:26 AM] [WARNING] mysql_connect_file: no password specified
[8/30/2023 12:40:31 AM] [WARNING] mysql_connect_file: no password specified
[8/30/2023 4:20:42 AM] [WARNING] mysql_connect: no password specified
[8/30/2023 4:21:01 AM] [WARNING] mysql_connect: no password specified
[8/30/2023 4:21:10 AM] [WARNING] mysql_connect: no password specified
[8/30/2023 4:29:34 AM] [WARNING] mysql_connect: no password specified
[8/30/2023 4:33:20 AM] [WARNING] mysql_connect: no password specified
[8/30/2023 4:34:44 AM] [WARNING] mysql_connect: no password specified
[8/30/2023 4:46:38 AM] [WARNING] mysql_connect: no password specified
[8/30/2023 8:12:54 PM] [WARNING] mysql_connect: no password specified
[8/30/2023 8:13:02 PM] [WARNING] mysql_connect: no password specified
[8/30/2023 9:41:03 PM] [WARNING] mysql_connect: no password specified
[8/30/2023 9:55:25 PM] [WARNING] mysql_connect: no password specified
[8/30/2023 9:57:50 PM] [WARNING] mysql_connect: no password specified
[8/30/2023 9:59:24 PM] [WARNING] mysql_connect: no password specified
[8/30/2023 10:04:03 PM] [WARNING] mysql_connect: no password specified
[8/30/2023 10:04:39 PM] [WARNING] mysql_connect: no password specified
[8/30/2023 10:22:36 PM] [WARNING] mysql_connect: no password specified
[8/30/2023 10:29:16 PM] [WARNING] mysql_connect: no password specified
[8/30/2023 10:42:04 PM] [WARNING] mysql_connect: no password specified
[8/30/2023 10:42:20 PM] [WARNING] mysql_connect: no password specified
[8/30/2023 10:44:51 PM] [WARNING] mysql_connect: no password specified
[8/30/2023 10:59:11 PM] [WARNING] mysql_connect: no password specified
[8/30/2023 11:21:18 PM] [WARNING] mysql_connect: no password specified
[8/30/2023 11:34:09 PM] [WARNING] mysql_connect: no password specified
[8/30/2023 11:38:53 PM] [WARNING] mysql_connect: no password specified
[8/30/2023 11:40:05 PM] [WARNING] mysql_connect: no password specified
[8/31/2023 12:00:15 AM] [WARNING] mysql_connect: no password specified
[8/31/2023 12:04:39 AM] [WARNING] mysql_connect: no password specified
[8/31/2023 12:35:14 AM] [WARNING] mysql_connect: no password specified
[8/31/2023 12:40:56 AM] [WARNING] mysql_connect: no password specified
[8/31/2023 12:41:59 AM] [WARNING] mysql_connect: no password specified
[8/31/2023 12:59:38 AM] [WARNING] mysql_connect: no password specified
[8/31/2023 1:02:03 AM] [WARNING] mysql_connect: no password specified
[8/31/2023 1:03:45 AM] [WARNING] mysql_connect: no password specified
[8/31/2023 1:08:31 AM] [WARNING] mysql_connect: no password specified
[8/31/2023 1:23:42 AM] [WARNING] mysql_connect: no password specified
[8/31/2023 1:29:31 AM] [WARNING] mysql_connect: no password specified
[8/31/2023 1:33:43 AM] [WARNING] mysql_connect: no password specified
[8/31/2023 1:36:47 AM] [WARNING] mysql_connect: no password specified
[8/31/2023 1:41:35 AM] [WARNING] mysql_connect: no password specified
[8/31/2023 1:46:44 AM] [WARNING] mysql_connect: no password specified
[8/31/2023 2:14:48 AM] [WARNING] mysql_connect: no password specified
[8/31/2023 2:24:43 AM] [WARNING] mysql_connect: no password specified
[8/31/2023 2:26:01 AM] [WARNING] mysql_connect: no password specified
[8/31/2023 5:11:11 PM] [WARNING] mysql_connect: no password specified
[8/31/2023 5:11:25 PM] [WARNING] mysql_connect: no password specified
[8/31/2023 5:20:34 PM] [WARNING] mysql_connect: no password specified
[8/31/2023 5:31:43 PM] [WARNING] mysql_connect: no password specified
[8/31/2023 5:34:12 PM] [WARNING] mysql_connect: no password specified
[8/31/2023 5:35:28 PM] [WARNING] mysql_connect: no password specified
[8/31/2023 5:37:04 PM] [WARNING] mysql_connect: no password specified
[8/31/2023 5:39:07 PM] [WARNING] mysql_connect: no password specified
[8/31/2023 5:46:45 PM] [WARNING] mysql_connect: no password specified
[8/31/2023 5:56:35 PM] [WARNING] mysql_connect: no password specified
[8/31/2023 6:28:25 PM] [WARNING] mysql_connect: no password specified
[9/1/2023 12:40:56 AM] [WARNING] mysql_connect: no password specified
[9/1/2023 12:41:04 AM] [WARNING] mysql_connect: no password specified
[9/1/2023 12:46:21 AM] [WARNING] mysql_connect: no password specified
[9/1/2023 1:32:26 AM] [WARNING] mysql_connect: no password specified
[9/1/2023 8:36:34 PM] [WARNING] mysql_connect: no password specified
[9/1/2023 9:32:03 PM] [WARNING] mysql_connect: no password specified
[9/1/2023 9:32:05 PM] [ERROR] CConnection::CConnection - establishing connection to MySQL database failed: #2002 'Can't connect to MySQL server on '127.0.0.1' (10061)'
[9/1/2023 9:32:15 PM] [WARNING] mysql_connect: no password specified
[9/1/2023 9:37:39 PM] [WARNING] mysql_connect: no password specified
[9/1/2023 9:39:52 PM] [WARNING] mysql_connect: no password specified
[9/1/2023 9:44:49 PM] [WARNING] mysql_connect: no password specified
[9/1/2023 10:25:17 PM] [WARNING] mysql_connect: no password specified
[9/1/2023 11:05:59 PM] [WARNING] mysql_connect: no password specified
[9/1/2023 11:59:04 PM] [WARNING] mysql_connect: no password specified
[9/1/2023 11:59:38 PM] [WARNING] mysql_connect: no password specified
[9/2/2023 8:27:24 PM] [WARNING] mysql_connect: no password specified
[9/2/2023 8:57:51 PM] [WARNING] mysql_connect: no password specified
[9/2/2023 9:03:46 PM] [WARNING] mysql_connect: no password specified
[9/2/2023 9:07:02 PM] [WARNING] mysql_connect: no password specified
[9/2/2023 9:19:19 PM] [WARNING] mysql_connect: no password specified
[9/2/2023 9:24:20 PM] [WARNING] mysql_connect: no password specified
[9/2/2023 11:23:32 PM] [WARNING] mysql_connect: no password specified
[9/2/2023 11:57:37 PM] [WARNING] mysql_connect: no password specified
[9/3/2023 12:01:48 AM] [WARNING] mysql_connect: no password specified
[9/3/2023 12:07:49 AM] [WARNING] mysql_connect: no password specified
[9/3/2023 12:27:25 AM] [WARNING] mysql_connect: no password specified
[9/3/2023 12:34:40 AM] [WARNING] mysql_connect: no password specified
[9/3/2023 12:37:38 AM] [WARNING] mysql_connect: no password specified
[9/3/2023 12:42:56 AM] [WARNING] mysql_connect: no password specified
[9/3/2023 1:52:04 AM] [WARNING] mysql_connect: no password specified
[9/3/2023 1:55:12 AM] [WARNING] mysql_connect: no password specified
[9/3/2023 2:03:39 AM] [WARNING] mysql_connect: no password specified
[9/3/2023 2:04:43 AM] [WARNING] mysql_connect: no password specified
[9/3/2023 2:05:59 AM] [WARNING] mysql_connect: no password specified
[9/3/2023 2:07:35 AM] [WARNING] mysql_connect: no password specified
[9/3/2023 2:11:02 AM] [WARNING] mysql_connect: no password specified
[9/3/2023 2:16:02 AM] [WARNING] mysql_connect: no password specified
[9/3/2023 2:24:19 AM] [WARNING] mysql_connect: no password specified
[9/3/2023 2:29:09 AM] [WARNING] mysql_connect: no password specified
[9/3/2023 2:31:57 AM] [WARNING] mysql_connect: no password specified
[9/3/2023 3:14:23 AM] [WARNING] mysql_connect: no password specified
[9/3/2023 3:15:52 AM] [WARNING] mysql_connect: no password specified
[9/3/2023 3:17:09 AM] [WARNING] mysql_connect: no password specified
[9/3/2023 3:18:48 AM] [WARNING] mysql_connect: no password specified
[9/3/2023 3:26:05 AM] [WARNING] mysql_connect: no password specified
[9/3/2023 3:34:55 AM] [WARNING] mysql_connect: no password specified
[9/3/2023 3:37:29 AM] [WARNING] mysql_connect: no password specified
[9/3/2023 3:48:21 AM] [WARNING] mysql_connect: no password specified
[9/3/2023 1:53:34 PM] [WARNING] mysql_connect: no password specified
[9/3/2023 1:54:31 PM] [WARNING] mysql_connect: no password specified
[9/3/2023 1:57:15 PM] [WARNING] mysql_connect: no password specified
[9/3/2023 2:07:00 PM] [WARNING] mysql_connect: no password specified
[9/3/2023 2:17:55 PM] [WARNING] mysql_connect: no password specified
[9/3/2023 2:18:03 PM] [WARNING] mysql_connect: no password specified
[9/3/2023 2:18:16 PM] [WARNING] mysql_connect: no password specified
[9/3/2023 2:25:49 PM] [WARNING] mysql_connect: no password specified
[9/3/2023 2:27:02 PM] [WARNING] mysql_connect: no password specified
[9/3/2023 2:27:59 PM] [WARNING] mysql_connect: no password specified
[9/3/2023 2:29:41 PM] [WARNING] mysql_connect: no password specified
[9/3/2023 2:31:21 PM] [WARNING] mysql_connect: no password specified
[9/5/2023 12:32:44 AM] [WARNING] mysql_connect: no password specified
[9/5/2023 12:41:24 AM] [WARNING] mysql_connect: no password specified
[9/5/2023 1:00:49 AM] [WARNING] mysql_connect: no password specified
[9/5/2023 1:00:51 AM] [ERROR] CConnection::CConnection - establishing connection to MySQL database failed: #2002 'Can't connect to MySQL server on '127.0.0.1' (10061)'
[9/5/2023 1:00:53 AM] [ERROR] CConnection::CConnection - establishing connection to MySQL database failed: #2002 'Can't connect to MySQL server on '127.0.0.1' (10061)'
[9/5/2023 1:00:56 AM] [ERROR] CConnection::CConnection - establishing connection to MySQL database failed: #2002 'Can't connect to MySQL server on '127.0.0.1' (10061)'
[9/5/2023 1:00:58 AM] [ERROR] CConnection::CConnection - establishing connection to MySQL database failed: #2002 'Can't connect to MySQL server on '127.0.0.1' (10061)'
[9/5/2023 1:01:15 AM] [WARNING] mysql_connect: no password specified
[9/5/2023 1:07:25 AM] [WARNING] mysql_connect: no password specified
[9/5/2023 1:13:30 AM] [WARNING] mysql_connect: no password specified
[9/5/2023 1:15:01 AM] [WARNING] mysql_connect: no password specified
[9/5/2023 2:35:58 AM] [WARNING] mysql_connect: no password specified
[9/5/2023 2:36:00 AM] [ERROR] CConnection::CConnection - establishing connection to MySQL database failed: #2002 'Can't connect to MySQL server on '127.0.0.1' (10061)'
[9/5/2023 2:38:32 AM] [WARNING] mysql_connect: no password specified
[9/5/2023 2:40:32 AM] [WARNING] mysql_connect: no password specified
[9/5/2023 2:41:31 AM] [WARNING] mysql_connect: no password specified
[9/5/2023 2:45:14 AM] [WARNING] mysql_connect: no password specified
[9/5/2023 2:48:20 AM] [WARNING] mysql_connect: no password specified
[9/5/2023 3:37:06 AM] [WARNING] mysql_connect: no password specified
[9/5/2023 3:38:21 AM] [WARNING] mysql_connect: no password specified
[9/5/2023 1:16:05 PM] [WARNING] mysql_connect: no password specified
[9/5/2023 1:21:36 PM] [WARNING] mysql_connect: no password specified
[9/5/2023 1:25:56 PM] [ERROR] CCallback::Execute - invalid AMX instance
[9/5/2023 1:26:09 PM] [WARNING] mysql_connect: no password specified
[9/5/2023 1:36:15 PM] [WARNING] mysql_connect: no password specified
[9/5/2023 1:41:04 PM] [ERROR] CCallback::Execute - invalid AMX instance
[9/5/2023 1:41:17 PM] [WARNING] mysql_connect: no password specified
[9/5/2023 2:19:49 PM] [WARNING] mysql_connect: no password specified
[9/5/2023 2:26:23 PM] [WARNING] mysql_connect: no password specified
[9/5/2023 2:29:54 PM] [WARNING] mysql_connect: no password specified
[9/5/2023 2:30:58 PM] [WARNING] mysql_connect: no password specified
[9/5/2023 8:22:00 PM] [WARNING] mysql_connect: no password specified
[9/5/2023 8:27:15 PM] [WARNING] mysql_connect: no password specified
[9/5/2023 8:36:54 PM] [WARNING] mysql_connect: no password specified
[9/5/2023 8:38:50 PM] [WARNING] mysql_connect: no password specified
[9/5/2023 8:39:34 PM] [WARNING] mysql_connect: no password specified
[9/5/2023 8:40:45 PM] [WARNING] mysql_connect: no password specified
[9/5/2023 8:43:57 PM] [WARNING] mysql_connect: no password specified
[9/5/2023 10:39:55 PM] [WARNING] mysql_connect: no password specified
[9/5/2023 10:44:14 PM] [WARNING] mysql_connect: no password specified
[9/6/2023 2:23:53 AM] [WARNING] mysql_connect: no password specified
[9/6/2023 2:25:13 AM] [WARNING] mysql_connect: no password specified
[9/6/2023 2:28:27 AM] [WARNING] mysql_connect: no password specified
[9/6/2023 2:33:26 AM] [WARNING] mysql_connect: no password specified
[9/6/2023 2:35:44 AM] [WARNING] mysql_connect: no password specified
[9/6/2023 2:37:09 AM] [WARNING] mysql_connect: no password specified
[9/6/2023 2:39:02 AM] [WARNING] mysql_connect: no password specified
[9/6/2023 2:43:14 AM] [WARNING] mysql_connect: no password specified
[9/6/2023 2:45:13 AM] [WARNING] mysql_connect: no password specified
[9/6/2023 2:48:50 AM] [WARNING] mysql_connect: no password specified
[9/6/2023 2:50:03 AM] [WARNING] mysql_connect: no password specified
[9/6/2023 2:52:29 AM] [WARNING] mysql_connect: no password specified
[9/6/2023 2:54:38 AM] [WARNING] mysql_connect: no password specified
[9/6/2023 3:00:58 AM] [WARNING] mysql_connect: no password specified
[9/6/2023 3:05:33 AM] [WARNING] mysql_connect: no password specified
[9/6/2023 3:07:39 AM] [WARNING] mysql_connect: no password specified
[9/6/2023 3:09:53 AM] [WARNING] mysql_connect: no password specified
[9/6/2023 4:44:13 PM] [WARNING] mysql_connect: no password specified
[9/6/2023 4:46:22 PM] [WARNING] mysql_connect: no password specified
[9/6/2023 4:55:36 PM] [WARNING] mysql_connect: no password specified
[9/6/2023 4:56:41 PM] [WARNING] mysql_connect: no password specified
[9/6/2023 7:48:02 PM] [WARNING] mysql_connect: no password specified
[9/6/2023 7:51:30 PM] [WARNING] mysql_connect: no password specified
[9/6/2023 11:44:19 PM] [WARNING] mysql_connect: no password specified
[9/6/2023 11:50:37 PM] [WARNING] mysql_connect: no password specified
[9/6/2023 11:59:20 PM] [WARNING] mysql_connect: no password specified
[9/7/2023 12:50:14 AM] [WARNING] mysql_connect: no password specified
[9/7/2023 12:57:03 AM] [ERROR] CCallback::Execute - invalid AMX instance
[9/7/2023 12:57:16 AM] [WARNING] mysql_connect: no password specified
[9/7/2023 1:01:46 AM] [WARNING] mysql_connect: no password specified
[9/7/2023 1:03:46 AM] [ERROR] CCallback::Execute - invalid AMX instance
[9/7/2023 1:03:59 AM] [WARNING] mysql_connect: no password specified
[9/7/2023 1:18:27 AM] [WARNING] mysql_connect: no password specified
[9/7/2023 1:26:44 AM] [ERROR] CCallback::Execute - invalid AMX instance
[9/7/2023 1:26:56 AM] [WARNING] mysql_connect: no password specified
[9/7/2023 2:39:39 AM] [WARNING] mysql_connect: no password specified
[9/7/2023 2:41:12 AM] [WARNING] mysql_connect: no password specified
[9/7/2023 2:48:32 AM] [WARNING] mysql_connect: no password specified
[9/7/2023 2:55:53 AM] [WARNING] mysql_connect: no password specified
[9/7/2023 3:03:32 AM] [WARNING] mysql_connect: no password specified
[9/7/2023 3:07:27 AM] [ERROR] CCallback::Execute - invalid AMX instance
[9/7/2023 3:07:40 AM] [WARNING] mysql_connect: no password specified
[9/7/2023 3:11:23 AM] [WARNING] mysql_connect: no password specified
[9/7/2023 3:14:54 AM] [WARNING] mysql_connect: no password specified
[9/7/2023 3:16:49 AM] [WARNING] mysql_connect: no password specified
[9/7/2023 3:19:48 AM] [WARNING] mysql_connect: no password specified
[9/7/2023 3:22:25 AM] [WARNING] mysql_connect: no password specified
[9/7/2023 3:27:21 AM] [WARNING] mysql_connect: no password specified
[9/7/2023 3:30:33 AM] [WARNING] mysql_connect: no password specified
[9/7/2023 3:31:22 AM] [WARNING] mysql_connect: no password specified
[9/7/2023 3:33:55 AM] [WARNING] mysql_connect: no password specified
[9/7/2023 3:35:26 AM] [WARNING] mysql_connect: no password specified
[9/7/2023 3:37:58 AM] [WARNING] mysql_connect: no password specified
[9/7/2023 3:40:26 AM] [WARNING] mysql_connect: no password specified
[9/7/2023 3:42:42 AM] [WARNING] mysql_connect: no password specified
[9/7/2023 3:49:55 AM] [WARNING] mysql_connect: no password specified
[9/7/2023 4:03:49 AM] [WARNING] mysql_connect: no password specified
[9/7/2023 4:08:16 AM] [WARNING] mysql_connect: no password specified
[9/7/2023 4:15:28 AM] [WARNING] mysql_connect: no password specified
[9/7/2023 4:16:49 AM] [WARNING] mysql_connect: no password specified
[9/7/2023 4:17:43 AM] [ERROR] mysql_format: no value for specifier '%i' passed
[9/7/2023 4:55:25 PM] [WARNING] mysql_connect: no password specified
[9/7/2023 4:55:40 PM] [WARNING] mysql_connect: no password specified
[9/7/2023 4:57:23 PM] [WARNING] mysql_connect: no password specified
[9/7/2023 5:03:47 PM] [WARNING] mysql_connect: no password specified
[9/7/2023 5:11:18 PM] [WARNING] mysql_connect: no password specified
[9/8/2023 12:24:28 AM] [WARNING] mysql_connect: no password specified
[9/8/2023 12:28:39 AM] [WARNING] mysql_connect: no password specified
[9/8/2023 1:01:26 AM] [WARNING] mysql_connect: no password specified
[9/8/2023 1:04:35 AM] [WARNING] mysql_connect: no password specified
[9/8/2023 1:04:44 AM] [WARNING] mysql_connect: no password specified
[9/8/2023 1:09:06 AM] [ERROR] CCallback::Execute - invalid AMX instance
[9/8/2023 1:09:18 AM] [WARNING] mysql_connect: no password specified
[9/8/2023 1:10:49 AM] [ERROR] CCallback::Execute - invalid AMX instance
[9/8/2023 1:11:01 AM] [WARNING] mysql_connect: no password specified
[9/8/2023 1:15:43 AM] [ERROR] CCallback::Execute - invalid AMX instance
[9/8/2023 1:15:56 AM] [WARNING] mysql_connect: no password specified
[9/8/2023 1:18:47 AM] [ERROR] CCallback::Execute - invalid AMX instance
[9/8/2023 1:19:00 AM] [WARNING] mysql_connect: no password specified
[9/8/2023 1:23:48 AM] [ERROR] CCallback::Execute - invalid AMX instance
[9/8/2023 1:24:01 AM] [WARNING] mysql_connect: no password specified
[9/8/2023 1:25:43 AM] [ERROR] CCallback::Execute - invalid AMX instance
[9/8/2023 1:25:56 AM] [WARNING] mysql_connect: no password specified
[9/8/2023 1:30:55 AM] [ERROR] CCallback::Execute - invalid AMX instance
[9/8/2023 1:31:07 AM] [WARNING] mysql_connect: no password specified
[9/8/2023 1:33:08 AM] [ERROR] CCallback::Execute - invalid AMX instance
[9/8/2023 1:33:20 AM] [WARNING] mysql_connect: no password specified
[9/8/2023 1:36:36 AM] [WARNING] mysql_connect: no password specified
[9/8/2023 1:37:05 AM] [WARNING] mysql_connect: no password specified
[9/8/2023 1:42:31 AM] [WARNING] mysql_connect: no password specified
[9/8/2023 1:48:04 AM] [WARNING] mysql_connect: no password specified
[9/8/2023 2:16:57 AM] [ERROR] CCallback::Execute - invalid AMX instance
[9/8/2023 2:17:09 AM] [WARNING] mysql_connect: no password specified
[9/8/2023 2:26:58 AM] [WARNING] mysql_connect: no password specified
[9/9/2023 12:24:35 AM] [WARNING] mysql_connect: no password specified
[9/9/2023 12:26:30 AM] [ERROR] CCallback::Execute - invalid AMX instance
[9/9/2023 12:26:43 AM] [WARNING] mysql_connect: no password specified
[9/9/2023 1:28:41 AM] [WARNING] mysql_connect: no password specified
[9/9/2023 1:31:18 AM] [ERROR] CCallback::Execute - invalid AMX instance
[9/9/2023 1:31:30 AM] [WARNING] mysql_connect: no password specified
[9/9/2023 9:51:14 PM] [WARNING] mysql_connect: no password specified
[9/9/2023 10:44:59 PM] [WARNING] mysql_connect: no password specified
[9/9/2023 10:45:14 PM] [WARNING] mysql_connect: no password specified
[9/9/2023 10:46:09 PM] [ERROR] CCallback::Execute - invalid AMX instance
[9/9/2023 10:46:22 PM] [WARNING] mysql_connect: no password specified
[9/9/2023 10:49:52 PM] [ERROR] CCallback::Execute - invalid AMX instance
[9/9/2023 10:50:05 PM] [WARNING] mysql_connect: no password specified
[9/9/2023 11:44:50 PM] [WARNING] mysql_connect: no password specified
[9/9/2023 11:51:01 PM] [ERROR] CCallback::Execute - invalid AMX instance
[9/9/2023 11:51:13 PM] [WARNING] mysql_connect: no password specified
[9/9/2023 11:53:07 PM] [ERROR] CCallback::Execute - invalid AMX instance
[9/9/2023 11:53:19 PM] [WARNING] mysql_connect: no password specified
[9/9/2023 11:57:12 PM] [ERROR] CCallback::Execute - invalid AMX instance
[9/9/2023 11:57:25 PM] [WARNING] mysql_connect: no password specified
[9/10/2023 12:02:23 AM] [ERROR] CCallback::Execute - invalid AMX instance
[9/10/2023 12:02:35 AM] [WARNING] mysql_connect: no password specified
[9/10/2023 12:06:22 AM] [WARNING] mysql_connect: no password specified
[9/10/2023 12:09:08 AM] [ERROR] CCallback::Execute - invalid AMX instance
[9/10/2023 12:09:21 AM] [WARNING] mysql_connect: no password specified
[9/10/2023 12:10:24 AM] [ERROR] CCallback::Execute - invalid AMX instance
[9/10/2023 12:10:37 AM] [WARNING] mysql_connect: no password specified
[9/10/2023 12:11:22 AM] [ERROR] CCallback::Execute - invalid AMX instance
[9/10/2023 12:11:34 AM] [WARNING] mysql_connect: no password specified
[9/10/2023 12:13:28 AM] [ERROR] CCallback::Execute - invalid AMX instance
[9/10/2023 12:13:40 AM] [WARNING] mysql_connect: no password specified
[9/10/2023 12:18:50 AM] [WARNING] mysql_connect: no password specified
[9/10/2023 12:21:34 AM] [ERROR] CCallback::Execute - invalid AMX instance
[9/10/2023 12:21:47 AM] [WARNING] mysql_connect: no password specified
[9/10/2023 12:23:53 AM] [ERROR] CCallback::Execute - invalid AMX instance
[9/10/2023 12:24:05 AM] [WARNING] mysql_connect: no password specified
[9/10/2023 12:25:12 AM] [ERROR] CCallback::Execute - invalid AMX instance
[9/10/2023 12:25:24 AM] [WARNING] mysql_connect: no password specified
[9/10/2023 1:06:00 AM] [WARNING] mysql_connect: no password specified
[9/10/2023 1:09:31 AM] [ERROR] CCallback::Execute - invalid AMX instance
[9/10/2023 1:09:43 AM] [WARNING] mysql_connect: no password specified
[9/10/2023 1:57:22 AM] [WARNING] mysql_connect: no password specified
[9/10/2023 1:58:30 AM] [ERROR] CCallback::Execute - invalid AMX instance
[9/10/2023 1:58:42 AM] [WARNING] mysql_connect: no password specified
[9/10/2023 1:59:29 AM] [ERROR] CCallback::Execute - invalid AMX instance
[9/10/2023 1:59:42 AM] [WARNING] mysql_connect: no password specified
[9/10/2023 2:01:13 AM] [ERROR] CCallback::Execute - invalid AMX instance
[9/10/2023 2:01:26 AM] [WARNING] mysql_connect: no password specified
[9/10/2023 2:03:03 AM] [WARNING] mysql_connect: no password specified
[9/10/2023 2:09:39 AM] [ERROR] CCallback::Execute - invalid AMX instance
[9/10/2023 2:09:52 AM] [WARNING] mysql_connect: no password specified
[9/10/2023 2:11:52 AM] [ERROR] CCallback::Execute - invalid AMX instance
[9/10/2023 2:12:04 AM] [WARNING] mysql_connect: no password specified
[9/10/2023 2:13:32 AM] [ERROR] CCallback::Execute - invalid AMX instance
[9/10/2023 2:13:44 AM] [WARNING] mysql_connect: no password specified
[9/10/2023 2:18:10 AM] [ERROR] CCallback::Execute - invalid AMX instance
[9/10/2023 2:18:23 AM] [WARNING] mysql_connect: no password specified
[9/10/2023 2:19:21 AM] [ERROR] CCallback::Execute - invalid AMX instance
[9/10/2023 2:19:33 AM] [WARNING] mysql_connect: no password specified
[9/10/2023 2:21:00 AM] [ERROR] CCallback::Execute - invalid AMX instance
[9/10/2023 2:21:12 AM] [WARNING] mysql_connect: no password specified
[9/10/2023 2:41:19 AM] [ERROR] CCallback::Execute - invalid AMX instance
[9/10/2023 2:41:32 AM] [WARNING] mysql_connect: no password specified
[9/10/2023 2:44:28 AM] [ERROR] CCallback::Execute - invalid AMX instance
[9/10/2023 2:44:40 AM] [WARNING] mysql_connect: no password specified
[9/10/2023 2:51:21 AM] [ERROR] CCallback::Execute - invalid AMX instance
[9/10/2023 2:51:34 AM] [WARNING] mysql_connect: no password specified
[9/10/2023 2:52:20 AM] [ERROR] CCallback::Execute - invalid AMX instance
[9/10/2023 2:52:33 AM] [WARNING] mysql_connect: no password specified
[9/10/2023 2:53:20 AM] [ERROR] CCallback::Execute - invalid AMX instance
[9/10/2023 2:53:33 AM] [WARNING] mysql_connect: no password specified
[9/10/2023 2:55:37 AM] [ERROR] CCallback::Execute - invalid AMX instance
[9/10/2023 2:55:50 AM] [WARNING] mysql_connect: no password specified
[9/10/2023 2:58:06 AM] [ERROR] CCallback::Execute - invalid AMX instance
[9/10/2023 2:58:19 AM] [WARNING] mysql_connect: no password specified
[9/10/2023 3:01:08 AM] [ERROR] CCallback::Execute - invalid AMX instance
[9/10/2023 3:01:21 AM] [WARNING] mysql_connect: no password specified
[9/10/2023 3:04:19 AM] [ERROR] CCallback::Execute - invalid AMX instance
[9/10/2023 3:04:31 AM] [WARNING] mysql_connect: no password specified
[9/10/2023 3:06:58 AM] [ERROR] CCallback::Execute - invalid AMX instance
[9/10/2023 3:07:10 AM] [WARNING] mysql_connect: no password specified
[9/10/2023 3:09:08 AM] [ERROR] CCallback::Execute - invalid AMX instance
[9/10/2023 3:09:21 AM] [WARNING] mysql_connect: no password specified
[9/10/2023 3:12:18 AM] [ERROR] CCallback::Execute - invalid AMX instance
[9/10/2023 3:12:31 AM] [WARNING] mysql_connect: no password specified
[9/10/2023 3:13:42 AM] [ERROR] CCallback::Execute - invalid AMX instance
[9/10/2023 3:13:54 AM] [WARNING] mysql_connect: no password specified
[9/10/2023 3:14:35 AM] [ERROR] CCallback::Execute - invalid AMX instance
[9/10/2023 3:14:47 AM] [WARNING] mysql_connect: no password specified
[9/10/2023 3:17:02 AM] [ERROR] CCallback::Execute - invalid AMX instance
[9/10/2023 3:17:15 AM] [WARNING] mysql_connect: no password specified
[9/10/2023 3:17:55 AM] [ERROR] CCallback::Execute - invalid AMX instance
[9/10/2023 3:18:08 AM] [WARNING] mysql_connect: no password specified
[9/10/2023 3:19:45 AM] [ERROR] CCallback::Execute - invalid AMX instance
[9/10/2023 3:19:58 AM] [WARNING] mysql_connect: no password specified
[9/10/2023 3:26:03 PM] [WARNING] mysql_connect: no password specified
[9/10/2023 3:41:59 PM] [WARNING] mysql_connect: no password specified
[9/10/2023 3:56:02 PM] [WARNING] mysql_connect: no password specified
[9/10/2023 3:58:56 PM] [ERROR] CCallback::Execute - invalid AMX instance
[9/10/2023 4:00:47 PM] [WARNING] mysql_connect: no password specified
[9/10/2023 4:02:25 PM] [ERROR] CCallback::Execute - invalid AMX instance
[9/10/2023 4:02:37 PM] [WARNING] mysql_connect: no password specified
[9/10/2023 4:58:04 PM] [WARNING] mysql_connect: no password specified
[9/10/2023 4:58:06 PM] [ERROR] CConnection::CConnection - establishing connection to MySQL database failed: #2002 'Can't connect to MySQL server on '127.0.0.1' (10061)'
[9/10/2023 4:58:08 PM] [ERROR] CConnection::CConnection - establishing connection to MySQL database failed: #2002 'Can't connect to MySQL server on '127.0.0.1' (10061)'
[9/10/2023 4:58:22 PM] [WARNING] mysql_connect: no password specified
[9/10/2023 5:01:01 PM] [ERROR] CCallback::Execute - invalid AMX instance
[9/10/2023 5:01:14 PM] [WARNING] mysql_connect: no password specified
[9/10/2023 5:05:43 PM] [ERROR] CCallback::Execute - invalid AMX instance
[9/10/2023 5:05:55 PM] [WARNING] mysql_connect: no password specified
[9/10/2023 5:06:57 PM] [ERROR] CCallback::Execute - invalid AMX instance
[9/10/2023 5:07:09 PM] [WARNING] mysql_connect: no password specified
[9/10/2023 5:08:25 PM] [ERROR] CCallback::Execute - invalid AMX instance
[9/10/2023 5:08:38 PM] [WARNING] mysql_connect: no password specified
[9/10/2023 5:11:15 PM] [WARNING] mysql_connect: no password specified
[9/10/2023 5:13:22 PM] [WARNING] mysql_connect: no password specified
[9/10/2023 5:14:04 PM] [WARNING] mysql_connect: no password specified
[9/10/2023 5:16:08 PM] [ERROR] CCallback::Execute - invalid AMX instance
[9/10/2023 5:16:20 PM] [WARNING] mysql_connect: no password specified
[9/10/2023 5:17:15 PM] [ERROR] CCallback::Execute - invalid AMX instance
[9/10/2023 5:17:28 PM] [WARNING] mysql_connect: no password specified
